<?xml version="1.0" encoding="UTF-8"?>
<!-- Generated by org.testng.reporters.JUnitXMLReporter -->
<testsuite ignored="0" hostname="DESKTOP-PJ8TGSP" failures="0" tests="3" name="Default test" time="0.028" errors="0" timestamp="2022-02-03T14:58:31 EET">
  <testcase classname="testngconcepts.Class2" name="firstMethod_class2" time="0.004"/>
  <testcase classname="testngconcepts.Class2" name="secondMethod_class2" time="0.001"/>
  <testcase classname="testngconcepts.Class2" name="thirdMethod_class2" time="0.001"/>
</testsuite> <!-- Default test -->
