<?xml version="1.0" encoding="UTF-8"?>
<!-- Generated by org.testng.reporters.JUnitXMLReporter -->
<testsuite ignored="0" hostname="DESKTOP-PJ8TGSP" failures="0" tests="3" name="Default test" time="13.359" errors="0" timestamp="2022-01-31T22:53:33 EET">
  <testcase classname="tests.AmazonMainPageTests" name="enterProduct" time="0.106"/>
  <testcase classname="tests.AmazonMainPageTests" name="searchProduct" time="2.573"/>
  <testcase classname="tests.AmazonMainPageTests" name="add" time="1.641"/>
</testsuite> <!-- Default test -->
