<?xml version="1.0" encoding="UTF-8"?>
<testng-results ignored="0" total="3" passed="3" failed="0" skipped="0">
  <reporter-output>
  </reporter-output>
  <suite started-at="2022-03-06T23:20:34 EET" name="Default suite" finished-at="2022-03-06T23:20:47 EET" duration-ms="13420">
    <groups>
    </groups>
    <test started-at="2022-03-06T23:20:34 EET" name="Default test" finished-at="2022-03-06T23:20:47 EET" duration-ms="13420">
      <class name="seleniumconcepts.DataProviderExample">
        <test-method signature="test(java.lang.String,java.lang.String)[pri:0, instance:seleniumconcepts.DataProviderExample@76c3e77a]" started-at="2022-03-06T23:20:34 EET" name="test" data-provider="test1" finished-at="2022-03-06T23:20:39 EET" duration-ms="5604" status="PASS">
          <params>
            <param index="0">
              <value>
                <![CDATA[test1]]>
              </value>
            </param>
            <param index="1">
              <value>
                <![CDATA[test@test1]]>
              </value>
            </param>
          </params>
          <reporter-output>
          </reporter-output>
        </test-method> <!-- test -->
        <test-method signature="test(java.lang.String,java.lang.String)[pri:0, instance:seleniumconcepts.DataProviderExample@76c3e77a]" started-at="2022-03-06T23:20:39 EET" name="test" data-provider="test1" finished-at="2022-03-06T23:20:43 EET" duration-ms="3569" status="PASS">
          <params>
            <param index="0">
              <value>
                <![CDATA[test2]]>
              </value>
            </param>
            <param index="1">
              <value>
                <![CDATA[test@test2]]>
              </value>
            </param>
          </params>
          <reporter-output>
          </reporter-output>
        </test-method> <!-- test -->
        <test-method signature="test(java.lang.String,java.lang.String)[pri:0, instance:seleniumconcepts.DataProviderExample@76c3e77a]" started-at="2022-03-06T23:20:43 EET" name="test" data-provider="test1" finished-at="2022-03-06T23:20:47 EET" duration-ms="4220" status="PASS">
          <params>
            <param index="0">
              <value>
                <![CDATA[test3]]>
              </value>
            </param>
            <param index="1">
              <value>
                <![CDATA[test@test3]]>
              </value>
            </param>
          </params>
          <reporter-output>
          </reporter-output>
        </test-method> <!-- test -->
      </class> <!-- seleniumconcepts.DataProviderExample -->
    </test> <!-- Default test -->
  </suite> <!-- Default suite -->
</testng-results>
