<?xml version="1.0" encoding="UTF-8"?>
<!-- Generated by org.testng.reporters.JUnitXMLReporter -->
<testsuite ignored="2" hostname="DESKTOP-PJ8TGSP" failures="0" tests="2" name="Test" time="0.028" errors="0" timestamp="2022-03-03T15:08:45 EET">
  <testcase classname="testngconceptsTest.parameters.TestngGroups" name="airstMethod_class1" time="0.005"/>
  <testcase classname="testngconceptsTest.parameters.TestngGroups" name="bhirdMethod_class1" time="0.0"/>
  <testcase classname="testngconceptsTest.parameters.TestngGroups" name="fourthMethod_class1" time="0.0">
    <ignored/>
  </testcase> <!-- fourthMethod_class1 -->
  <testcase classname="testngconceptsTest.parameters.TestngGroups" name="cecondMethod_class1" time="0.0">
    <ignored/>
  </testcase> <!-- cecondMethod_class1 -->
</testsuite> <!-- Test -->
