<?xml version="1.0" encoding="UTF-8"?>
<!-- Generated by org.testng.reporters.JUnitXMLReporter -->
<testsuite ignored="0" hostname="DESKTOP-PJ8TGSP" failures="0" tests="3" name="Test" time="8.368" errors="0" timestamp="2022-01-31T22:50:18 EET">
  <testcase classname="tests.AmazonMainPageTests" name="add" time="0.964"/>
  <testcase classname="tests.AmazonMainPageTests" name="enterProduct" time="0.074"/>
  <testcase classname="tests.AmazonMainPageTests" name="searchProduct" time="2.637"/>
</testsuite> <!-- Test -->
